Arguments: 
  /Users/shuto.komuro/.nvm/versions/node/v14.19.1/bin/node /Users/shuto.komuro/.npm-global/bin/yarn add typeorm: ^0.2.37,

PATH: 
  /opt/homebrew/opt/mysql@5.7/bin:/opt/homebrew/bin:/opt/homebrew/sbin:/Users/shuto.komuro/.nvm/versions/node/v14.19.1/bin:/usr/local/bin:/usr/bin:/bin:/usr/sbin:/sbin:/Users/shuto.komuro/.npm-global/bin

Yarn version: 
  1.22.18

Node version: 
  14.19.1

Platform: 
  darwin x64

Trace: 
  Error: https://registry.yarnpkg.com/typeorm:: Not found
      at Request.params.callback [as _callback] (/Users/shuto.komuro/.npm-global/lib/node_modules/yarn/lib/cli.js:66138:18)
      at Request.self.callback (/Users/shuto.komuro/.npm-global/lib/node_modules/yarn/lib/cli.js:140883:22)
      at Request.emit (events.js:400:28)
      at Request.<anonymous> (/Users/shuto.komuro/.npm-global/lib/node_modules/yarn/lib/cli.js:141855:10)
      at Request.emit (events.js:400:28)
      at IncomingMessage.<anonymous> (/Users/shuto.komuro/.npm-global/lib/node_modules/yarn/lib/cli.js:141777:12)
      at Object.onceWrapper (events.js:519:28)
      at IncomingMessage.emit (events.js:412:35)
      at endReadableNT (internal/streams/readable.js:1334:12)
      at processTicksAndRejections (internal/process/task_queues.js:82:21)

npm manifest: 
  {
     "name": "typeorm-sample",
     "version": "0.0.1",
     "description": "Awesome project developed with TypeORM.",
     "type": "commonjs",
     "devDependencies": {
        "ts-node": "10.7.0",
        "@types/node": "^16.11.10",
        "typescript": "4.5.2"
     },
     "dependencies": {
        "mysql": "^2.14.1",
        "reflect-metadata": "^0.1.13",
        "sqlite3": "^5.0.3"
     },
     "scripts": {
        "start": "ts-node src/index.ts",
        "typeorm": "typeorm-ts-node-commonjs"
     }
  }

yarn manifest: 
  No manifest

Lockfile: 
  No lockfile
